<?xml version="1.0" encoding="UTF-8"?>
<!-- Generated by org.testng.reporters.JUnitReportReporter -->
<testsuite hostname="ATMECSINDT-016" name="com.atmecs.testscripts2.DemoqaOrderingPageBySearch" tests="1" failures="0" timestamp="24 Aug 2019 13:34:13 GMT" time="22.826" errors="0">
  <testcase name="bysearch" time="22.826" classname="com.atmecs.testscripts2.DemoqaOrderingPageBySearch"/>
</testsuite> <!-- com.atmecs.testscripts2.DemoqaOrderingPageBySearch -->
