<?xml version="1.0" encoding="UTF-8"?>
<!-- Generated by org.testng.reporters.JUnitReportReporter -->
<testsuite hostname="ATMECSINDT-016" name="com.atmecs.testscripts1.DemoqaOrderingPage" tests="1" failures="0" timestamp="25 Aug 2019 14:42:31 GMT" time="19.715" errors="0">
  <testcase name="orders" time="19.715" classname="com.atmecs.testscripts1.DemoqaOrderingPage"/>
</testsuite> <!-- com.atmecs.testscripts1.DemoqaOrderingPage -->
