<?xml version="1.0" encoding="UTF-8"?>
<!-- Generated by org.testng.reporters.JUnitReportReporter -->
<testsuite hostname="ATMECSINDT-016" name="com.atmecs.testscripts2.DemoqaOrderingPageBySearch" tests="1" failures="0" timestamp="13 Aug 2019 14:15:23 GMT" time="17.823" errors="0">
  <testcase name="bysearch" time="17.823" classname="com.atmecs.testscripts2.DemoqaOrderingPageBySearch"/>
</testsuite> <!-- com.atmecs.testscripts2.DemoqaOrderingPageBySearch -->
