<?xml version="1.0" encoding="UTF-8"?>
<!-- Generated by org.testng.reporters.JUnitReportReporter -->
<testsuite hostname="ATMECSINDT-016" name="com.atmecs.testscripts2.DemoqaOrderingPageBySearch" tests="1" failures="0" timestamp="26 Aug 2019 08:06:07 GMT" time="15.997" errors="0">
  <testcase name="bysearch" time="15.997" classname="com.atmecs.testscripts2.DemoqaOrderingPageBySearch"/>
</testsuite> <!-- com.atmecs.testscripts2.DemoqaOrderingPageBySearch -->
