<?xml version="1.0" encoding="UTF-8"?>
<!-- Generated by org.testng.reporters.JUnitReportReporter -->
<testsuite hostname="ATMECSINDT-016" name="com.atmecs.testscripts1.DemoqaOrderingPage" tests="1" failures="0" timestamp="26 Aug 2019 05:08:33 GMT" time="75.283" errors="0">
  <testcase name="orders" time="75.283" classname="com.atmecs.testscripts1.DemoqaOrderingPage"/>
</testsuite> <!-- com.atmecs.testscripts1.DemoqaOrderingPage -->
