<?xml version="1.0" encoding="UTF-8"?>
<!-- Generated by org.testng.reporters.JUnitReportReporter -->
<testsuite hostname="ATMECSINDT-016" name="com.atmecs.testscripts2.DemoqaOrderingPageBySearch" tests="1" failures="0" timestamp="26 Aug 2019 05:08:33 GMT" time="16.322" errors="0">
  <testcase name="bysearch" time="16.322" classname="com.atmecs.testscripts2.DemoqaOrderingPageBySearch"/>
</testsuite> <!-- com.atmecs.testscripts2.DemoqaOrderingPageBySearch -->
