<?xml version="1.0" encoding="UTF-8"?>
<!-- Generated by org.testng.reporters.JUnitReportReporter -->
<testsuite hostname="ATMECSINDT-016" name="com.atmecs.testscripts1.DemoqaOrderingPage" tests="1" failures="0" timestamp="26 Aug 2019 06:47:54 GMT" time="74.981" errors="0">
  <testcase name="orders" time="74.981" classname="com.atmecs.testscripts1.DemoqaOrderingPage"/>
</testsuite> <!-- com.atmecs.testscripts1.DemoqaOrderingPage -->
