<?xml version="1.0" encoding="UTF-8"?>
<!-- Generated by org.testng.reporters.JUnitReportReporter -->
<testsuite hostname="ATMECSINDT-016" name="com.java.rest.EmployeeDelete" tests="1" failures="0" timestamp="15 Jul 2019 12:28:05 GMT" time="2.555" errors="0">
  <testcase name="Delete" time="2.555" classname="com.java.rest.EmployeeDelete"/>
</testsuite> <!-- com.java.rest.EmployeeDelete -->
