<?xml version="1.0" encoding="UTF-8"?>
<!-- Generated by org.testng.reporters.JUnitReportReporter -->
<testsuite hostname="ATMECSINDT-016" name="com.java.rest.Employee" tests="1" failures="0" timestamp="15 Jul 2019 07:31:27 GMT" time="2.251" errors="0">
  <testcase name="getEmployee" time="2.251" classname="com.java.rest.Employee"/>
</testsuite> <!-- com.java.rest.Employee -->
