<?xml version="1.0" encoding="UTF-8"?>
<!-- Generated by org.testng.reporters.JUnitReportReporter -->
<testsuite hostname="ATMECSINDT-016" name="com.atmecs.testscripts.Merchandise" tests="1" failures="0" timestamp="2 Aug 2019 14:52:58 GMT" time="2.062" errors="0">
  <testcase name="merchandise" time="2.062" classname="com.atmecs.testscripts.Merchandise"/>
</testsuite> <!-- com.atmecs.testscripts.Merchandise -->
