<?xml version="1.0" encoding="UTF-8"?>
<!-- Generated by org.testng.reporters.JUnitReportReporter -->
<testsuite hostname="ATMECSINDT-016" name="com.atmecs.testscripts.FAQ" tests="1" failures="0" timestamp="2 Aug 2019 15:01:45 GMT" time="0.696" errors="0">
  <testcase name="faq" time="0.696" classname="com.atmecs.testscripts.FAQ"/>
</testsuite> <!-- com.atmecs.testscripts.FAQ -->
