<?xml version="1.0" encoding="UTF-8"?>
<!-- Generated by org.testng.reporters.JUnitReportReporter -->
<testsuite hostname="ATMECSINDT-016" name="com.atmecs.testscripts.HomePageAutomationScripts" tests="1" failures="0" timestamp="2 Aug 2019 13:53:26 GMT" time="1.577" errors="0">
  <testcase name="homepage" time="1.577" classname="com.atmecs.testscripts.HomePageAutomationScripts"/>
</testsuite> <!-- com.atmecs.testscripts.HomePageAutomationScripts -->
