<?xml version="1.0" encoding="UTF-8"?>
<!-- Generated by org.testng.reporters.JUnitReportReporter -->
<testsuite hostname="ATMECSINDT-016" name="com.atmecs.testscripts.Clearance" tests="1" failures="0" timestamp="2 Aug 2019 15:01:07 GMT" time="0.607" errors="0">
  <testcase name="clearance" time="0.607" classname="com.atmecs.testscripts.Clearance"/>
</testsuite> <!-- com.atmecs.testscripts.Clearance -->
