<?xml version="1.0" encoding="UTF-8"?>
<!-- Generated by org.testng.reporters.JUnitReportReporter -->
<testsuite hostname="ATMECSINDT-016" name="com.atmecs.testscripts.HomePageAutomationScripts" tests="1" failures="0" timestamp="5 Aug 2019 14:16:24 GMT" time="1.817" errors="0">
  <testcase name="homepage" time="1.817" classname="com.atmecs.testscripts.HomePageAutomationScripts"/>
</testsuite> <!-- com.atmecs.testscripts.HomePageAutomationScripts -->
