<?xml version="1.0" encoding="UTF-8"?>
<!-- Generated by org.testng.reporters.JUnitReportReporter -->
<testsuite hostname="ATMECSINDT-016" name="com.atmecs.testscripts.ClearanceMenuAutomationScripts" tests="1" failures="0" timestamp="6 Aug 2019 15:17:15 GMT" time="0.716" errors="0">
  <testcase name="clearance" time="0.716" classname="com.atmecs.testscripts.ClearanceMenuAutomationScripts"/>
</testsuite> <!-- com.atmecs.testscripts.ClearanceMenuAutomationScripts -->
