<?xml version="1.0" encoding="UTF-8"?>
<!-- Generated by org.testng.reporters.JUnitReportReporter -->
<testsuite hostname="ATMECSINDT-016" name="com.atmecs.testscripts.HotSaucesMenuAutomation" tests="1" failures="0" timestamp="2 Aug 2019 14:09:47 GMT" time="0.883" errors="0">
  <testcase name="hotsauce" time="0.883" classname="com.atmecs.testscripts.HotSaucesMenuAutomation"/>
</testsuite> <!-- com.atmecs.testscripts.HotSaucesMenuAutomation -->
