<?xml version="1.0" encoding="UTF-8"?>
<!-- Generated by org.testng.reporters.JUnitReportReporter -->
<testsuite hostname="ATMECSINDT-016" name="MakeMyTripApp.Flights" tests="2" failures="0" timestamp="23 Jul 2019 11:14:39 GMT" time="13.989" errors="0">
  <testcase name="SearchFlights" time="10.326" classname="MakeMyTripApp.Flights"/>
  <testcase name="chooseBrowser" time="3.663" classname="MakeMyTripApp.Flights"/>
</testsuite> <!-- MakeMyTripApp.Flights -->
