<?xml version="1.0" encoding="UTF-8"?>
<!-- Generated by org.testng.reporters.JUnitReportReporter -->
<testsuite hostname="ATMECSINDT-016" name="MakeMyTripApp.Base" tests="1" failures="0" timestamp="23 Jul 2019 11:22:15 GMT" time="3.820" errors="0">
  <testcase name="chooseBrowser" time="3.820" classname="MakeMyTripApp.Base"/>
</testsuite> <!-- MakeMyTripApp.Base -->
