<?xml version="1.0" encoding="UTF-8"?>
<!-- Generated by org.testng.reporters.JUnitReportReporter -->
<testsuite hostname="ATMECSINDT-016" name="OyoWebsiteAutomation.BaseClass" tests="1" failures="0" timestamp="25 Jul 2019 05:44:18 GMT" time="9.394" errors="0">
  <testcase name="openUrl" time="9.394" classname="OyoWebsiteAutomation.BaseClass"/>
</testsuite> <!-- OyoWebsiteAutomation.BaseClass -->
