<?xml version="1.0" encoding="UTF-8"?>
<!-- Generated by org.testng.reporters.JUnitReportReporter -->
<testsuite hostname="ATMECSINDT-016" name="OyoWebsiteAutomation.LoginPage" tests="1" failures="0" timestamp="25 Jul 2019 09:53:48 GMT" time="2.715" errors="0">
  <testcase name="Loginpage" time="2.715" classname="OyoWebsiteAutomation.LoginPage"/>
</testsuite> <!-- OyoWebsiteAutomation.LoginPage -->
