<?xml version="1.0" encoding="UTF-8"?>
<!-- Generated by org.testng.reporters.JUnitReportReporter -->
<testsuite hostname="ATMECSINDT-016" name="OyoWebsiteAutomation.BaseClass" tests="1" failures="0" timestamp="23 Jul 2019 11:27:42 GMT" time="5.181" errors="0">
  <testcase name="openUrl" time="5.181" classname="OyoWebsiteAutomation.BaseClass"/>
</testsuite> <!-- OyoWebsiteAutomation.BaseClass -->
