<?xml version="1.0" encoding="UTF-8"?>
<!-- Generated by org.testng.reporters.JUnitReportReporter -->
<testsuite hostname="ATMECSINDT-016" name="OyoWebsiteAutomation.Base" tests="1" failures="0" timestamp="23 Jul 2019 11:19:44 GMT" time="4.069" errors="0">
  <testcase name="chooseBrowser" time="4.069" classname="OyoWebsiteAutomation.Base"/>
</testsuite> <!-- OyoWebsiteAutomation.Base -->
