<?xml version="1.0" encoding="UTF-8"?>
<!-- Generated by org.testng.reporters.JUnitReportReporter -->
<testsuite hostname="ATMECSINDT-016" name="OyoWebsiteAutomation.HotelSearching" tests="1" failures="0" timestamp="25 Jul 2019 10:17:07 GMT" time="14.779" errors="0">
  <testcase name="HotelSearch" time="14.779" classname="OyoWebsiteAutomation.HotelSearching"/>
</testsuite> <!-- OyoWebsiteAutomation.HotelSearching -->
