<?xml version="1.0" encoding="UTF-8"?>
<!-- Generated by org.testng.reporters.JUnitReportReporter -->
<testsuite hostname="ATMECSINDT-016" name="OyoWebsiteAutomation.LoginPage" tests="2" failures="0" timestamp="23 Jul 2019 13:05:39 GMT" time="9.115" errors="0">
  <testcase name="openUrl" time="4.670" classname="OyoWebsiteAutomation.LoginPage"/>
  <testcase name="Loginpage" time="4.445" classname="OyoWebsiteAutomation.LoginPage"/>
</testsuite> <!-- OyoWebsiteAutomation.LoginPage -->
