<?xml version="1.0" encoding="UTF-8"?>
<!-- Generated by org.testng.reporters.JUnitReportReporter -->
<testsuite hostname="ATMECSINDT-016" name="OyoWebsiteAutomation.HotelSearching" tests="2" failures="0" timestamp="23 Jul 2019 13:45:43 GMT" time="10.612" errors="0">
  <testcase name="openUrl" time="5.208" classname="OyoWebsiteAutomation.HotelSearching"/>
  <testcase name="HotelSearch" time="5.404" classname="OyoWebsiteAutomation.HotelSearching"/>
</testsuite> <!-- OyoWebsiteAutomation.HotelSearching -->
