<?xml version="1.0" encoding="UTF-8"?>
<!-- Generated by org.testng.reporters.JUnitReportReporter -->
<testsuite skipped="1" hostname="ATMECSINDT-016" name="com.atmecs.testscripts1.DemoqaOrderingPage" tests="1" failures="0" timestamp="26 Aug 2019 07:16:10 GMT" time="0.000" errors="0">
  <testcase name="orders" time="0.000" classname="com.atmecs.testscripts1.DemoqaOrderingPage">
    <skipped/>
  </testcase> <!-- orders -->
</testsuite> <!-- com.atmecs.testscripts1.DemoqaOrderingPage -->
